<?xml version="1.0" encoding="UTF-8"?>
<!-- Generated by org.testng.reporters.JUnitReportReporter -->
<testsuite hostname="tsbabu-PC" failures="0" tests="1" name="SamplePrjct.GrpingExPgm" time="0.017" errors="0" timestamp="2023-08-28T10:40:08 IST" skipped="0">
  <testcase classname="SamplePrjct.GrpingExPgm" name="tc1" time="0.017"/>
</testsuite> <!-- SamplePrjct.GrpingExPgm -->
