<?xml version="1.0" encoding="UTF-8"?>
<!-- Generated by org.testng.reporters.JUnitReportReporter -->
<testsuite hostname="tsbabu-PC" failures="0" tests="2" name="SamplePrjct.DtaPrvidrPgm" time="33.694" errors="0" timestamp="2023-08-25T21:40:09 IST" skipped="0">
  <testcase classname="SamplePrjct.DtaPrvidrPgm" name="tc1" time="16.431"/>
  <testcase classname="SamplePrjct.DtaPrvidrPgm" name="tc1" time="17.263"/>
</testsuite> <!-- SamplePrjct.DtaPrvidrPgm -->
