<?xml version="1.0" encoding="UTF-8"?>
<!-- Generated by org.testng.reporters.JUnitReportReporter -->
<testsuite hostname="tsbabu-PC" failures="0" tests="1" name="SamplePrjct.TstngDemoPgm" time="0.009" errors="0" timestamp="2023-08-08T18:36:12 IST" skipped="0">
  <testcase classname="SamplePrjct.TstngDemoPgm" name="tstCseMethd1" time="0.009"/>
</testsuite> <!-- SamplePrjct.TstngDemoPgm -->
