<?xml version="1.0" encoding="UTF-8"?>
<!-- Generated by org.testng.reporters.JUnitReportReporter -->
<testsuite hostname="tsbabu-PC" failures="0" tests="1" name="SamplePrjct.TstngDemoPgm" time="0.002" errors="0" timestamp="2023-08-28T10:29:50 IST" skipped="0">
  <testcase classname="SamplePrjct.TstngDemoPgm" name="tstCseMethd1" time="0.002"/>
</testsuite> <!-- SamplePrjct.TstngDemoPgm -->
