<?xml version="1.0" encoding="UTF-8"?>
<!-- Generated by org.testng.reporters.JUnitReportReporter -->
<testsuite hostname="tsbabu-PC" failures="0" tests="1" name="SamplePrjct.FrmePgm1" time="66.330" errors="0" timestamp="2023-08-24T22:07:03 IST" skipped="0">
  <testcase classname="SamplePrjct.FrmePgm1" name="tc1" time="66.330"/>
</testsuite> <!-- SamplePrjct.FrmePgm1 -->
