<?xml version="1.0" encoding="UTF-8"?>
<!-- Generated by org.testng.reporters.JUnitReportReporter -->
<testsuite hostname="tsbabu-PC" failures="0" tests="1" name="SamplePrjct.HDFCAutoPgm" time="7.246" errors="0" timestamp="2023-08-24T21:42:52 IST" skipped="0">
  <testcase classname="SamplePrjct.HDFCAutoPgm" name="tc1" time="7.246"/>
</testsuite> <!-- SamplePrjct.HDFCAutoPgm -->
