<?xml version="1.0" encoding="UTF-8"?>
<!-- Generated by org.testng.reporters.JUnitReportReporter -->
<testsuite hostname="tsbabu-PC" failures="0" tests="1" name="AdactinPrjct.AdactinBasClas" time="11.541" errors="0" timestamp="2023-08-11T10:27:12 IST" skipped="0">
  <testcase classname="AdactinPrjct.AdactinBasClas" name="tstcase1" time="11.541"/>
</testsuite> <!-- AdactinPrjct.AdactinBasClas -->
