<?xml version="1.0" encoding="UTF-8"?>
<!-- Generated by org.testng.reporters.JUnitReportReporter -->
<testsuite hostname="tsbabu-PC" failures="0" tests="1" name="SamplePrjct.FrmePgm1" time="32.614" errors="0" timestamp="2023-08-28T10:29:50 IST" skipped="0">
  <testcase classname="SamplePrjct.FrmePgm1" name="tc1" time="32.614"/>
</testsuite> <!-- SamplePrjct.FrmePgm1 -->
