<?xml version="1.0" encoding="UTF-8"?>
<!-- Generated by org.testng.reporters.JUnitReportReporter -->
<testsuite hostname="tsbabu-PC" failures="0" tests="3" name="SamplePrjct.GrpingExPgm" time="0.022" errors="0" timestamp="2023-08-27T12:27:41 IST" skipped="0">
  <testcase classname="SamplePrjct.GrpingExPgm" name="tc1" time="0.018"/>
  <testcase classname="SamplePrjct.GrpingExPgm" name="tc2" time="0.002"/>
  <testcase classname="SamplePrjct.GrpingExPgm" name="tc3" time="0.002"/>
</testsuite> <!-- SamplePrjct.GrpingExPgm -->
